11:54:35 **** Incremental Build of configuration Nios II for project player_2 ****
make all 
Info: Building ../player_2_bsp/
C:/intelFPGA_lite/18.1/nios2eds/bin/gnu/H-x86_64-mingw32/bin/make --no-print-directory -C ../player_2_bsp/
[BSP build complete]
Info: Compiling player_2.c to obj/default/player_2.o
nios2-elf-gcc -xc -MP -MMD -c -I../player_2_bsp//HAL/inc -I../player_2_bsp/ -I../player_2_bsp//drivers/inc  -pipe -D__hal__ -DALT_NO_C_PLUS_PLUS -DALT_NO_CLEAN_EXIT -D'exit(a)=_exit(a)' -DALT_NO_EXIT -DALT_USE_DIRECT_DRIVERS -DALT_NO_INSTRUCTION_EMULATION -DALT_USE_SMALL_DRIVERS -DSMALL_C_LIB -DALT_SINGLE_THREADED    -Os -g -Wall   -mno-hw-div -mno-hw-mul -mno-hw-mulx -mgpopt=global  -o obj/default/player_2.o player_2.c
player_2.c: In function 'main':
player_2.c:111:9: warning: implicit declaration of function 'alt_printf' [-Wimplicit-function-declaration]
         alt_printf("x: %x\t y: %x\t b0: %x\t b1: %x\t s: %x\n", x_avg, y_avg, button_0, button_1, slide_switch);
         ^
Info: Linking player_2.elf
nios2-elf-g++  -T'../player_2_bsp//linker.x' -msys-crt0='../player_2_bsp//obj/HAL/src/crt0.o' -msys-lib=hal_bsp -L../player_2_bsp/  -msmallc  -Wl,-Map=player_2.map   -Os -g -Wall   -mno-hw-div -mno-hw-mul -mno-hw-mulx -mgpopt=global  -o player_2.elf obj/default/player_2.o -lm -msys-lib=m
nios2-elf-insert player_2.elf --thread_model hal --cpu_name cpu --qsys true --simulation_enabled false --stderr_dev jtag_uart --stdin_dev jtag_uart --stdout_dev jtag_uart --sopc_system_name nios_accelerometer --quartus_project_dir "C:/Users/themi/Desktop/Labs/theflyingproject/Controller/FPGA_Faster" --sopcinfo C:/Users/themi/Desktop/Labs/theflyingproject/Controller/FPGA_Faster/software/player_2_bsp/../../nios_accelerometer.sopcinfo
Info: (player_2.elf) 4000 Bytes program size (code + initialized data).
Info:                59 KBytes free for stack + heap.
Info: Creating player_2.objdump
nios2-elf-objdump --disassemble --syms --all-header --source player_2.elf >player_2.objdump
[player_2 build complete]

11:54:37 Build Finished (took 1s.811ms)

