00:01:08 **** Incremental Build of configuration Nios II for project led_accelerometer ****
make all 
Info: Building ../led_accelerometer_bsp/
D:/intelFPGA_lite/18.1/nios2eds/bin/gnu/H-x86_64-mingw32/bin/make --no-print-directory -C ../led_accelerometer_bsp/
[BSP build complete]
Info: Compiling led_acceleromter_2D.c to obj/default/led_acceleromter_2D.o
nios2-elf-gcc -xc -MP -MMD -c -I../led_accelerometer_bsp//HAL/inc -I../led_accelerometer_bsp/ -I../led_accelerometer_bsp//drivers/inc  -pipe -D__hal__ -DALT_NO_C_PLUS_PLUS -DALT_NO_CLEAN_EXIT -D'exit(a)=_exit(a)' -DALT_NO_EXIT -DALT_USE_DIRECT_DRIVERS -DALT_NO_INSTRUCTION_EMULATION -DALT_USE_SMALL_DRIVERS -DSMALL_C_LIB -DALT_SINGLE_THREADED    -Os -g -Wall   -mno-hw-div -mno-hw-mul -mno-hw-mulx -mgpopt=global  -o obj/default/led_acceleromter_2D.o led_acceleromter_2D.c
led_acceleromter_2D.c: In function 'main':
led_acceleromter_2D.c:104:9: warning: implicit declaration of function 'alt_printf' [-Wimplicit-function-declaration]
         alt_printf("x_read:%x\t y_read: %x\t button_0: %x\t button_1: %x\t switch: %x\n", x_avg, y_avg, button_0, button_1, slide_switch);
         ^
Info: Linking led_accelerometer.elf
nios2-elf-g++  -T'../led_accelerometer_bsp//linker.x' -msys-crt0='../led_accelerometer_bsp//obj/HAL/src/crt0.o' -msys-lib=hal_bsp -L../led_accelerometer_bsp/  -msmallc  -Wl,-Map=led_accelerometer.map   -Os -g -Wall   -mno-hw-div -mno-hw-mul -mno-hw-mulx -mgpopt=global  -o led_accelerometer.elf obj/default/led_acceleromter_2D.o -lm -msys-lib=m
nios2-elf-insert led_accelerometer.elf --thread_model hal --cpu_name cpu --qsys true --simulation_enabled false --stderr_dev jtag_uart --stdin_dev jtag_uart --stdout_dev jtag_uart --sopc_system_name nios_accelerometer --quartus_project_dir "D:/Information_Processing_LABS/theflyingproject/Controller/FPGA_slow" --sopcinfo D:/Information_Processing_LABS/theflyingproject/Controller/FPGA_slow/software/led_accelerometer_bsp/../../nios_accelerometer.sopcinfo
Info: (led_accelerometer.elf) 3944 Bytes program size (code + initialized data).
Info:                         59 KBytes free for stack + heap.
Info: Creating led_accelerometer.objdump
nios2-elf-objdump --disassemble --syms --all-header --source led_accelerometer.elf >led_accelerometer.objdump
[led_accelerometer build complete]

00:01:12 Build Finished (took 3s.892ms)

